{"logLevel":"debug","message":"multithreading is set to false"}
{"logLevel":"debug","message":"Using reflection to scan dependencies for gauge implementations..."}
SLF4J: Failed to load class "org.slf4j.impl.StaticLoggerBinder".
SLF4J: Defaulting to no-operation (NOP) logger implementation
SLF4J: See http://www.slf4j.org/codes.html#StaticLoggerBinder for further details.
{"logLevel":"debug","message":"gauge-java took 1309milliseconds to load and scan. This should be less than 'runner_connection_timeout' config value."}
{"logLevel":"debug","message":"run 'gauge config runner_connection_timeout' and verify that it is < 1309"}
{"logLevel":"debug","message":"starting gRPC server..."}
{"logLevel":"debug","message":"started gRPC server on port 51973"}
{"logLevel":"info","message":"Listening on port:51973"}
{"logLevel":"debug","message":"Scanning packages for steps"}
{"logLevel":"debug","message":"Comparing 'StepImplementation.search' and 'StepImplementation.search'"}
{"logLevel":"debug","message":"Found {} tipinde olan {} değerindeki elemana {} kelimesini gir. in current project scope."}
{"logLevel":"debug","message":"Comparing 'StepImplementation.webElementiBul' and 'StepImplementation.webElementiBul'"}
{"logLevel":"debug","message":"Found {} tipinde olan {} değerindeki elemana tıkla. in current project scope."}
{"logLevel":"debug","message":"Comparing 'StepImplementation.waitForsecond' and 'StepImplementation.waitForsecond'"}
{"logLevel":"debug","message":"Found {} saniye  bekle in current project scope."}
{"logLevel":"debug","message":"Scanning packages for hooks"}
{"logLevel":"debug","message":"Scanned steps (using static parsing + reflections): "}
{"logLevel":"debug","message":"\t{} tipinde olan {} değerindeki elemana {} kelimesini gir. : public void search(String key, String value, String sendingvalue)"}
{"logLevel":"debug","message":"\t{} saniye  bekle : public void waitForsecond(ınt i) throws InterruptedException"}
{"logLevel":"debug","message":"\t{} tipinde olan {} değerindeki elemana tıkla. : public MobileElement webElementiBul(String key, String value)"}
May 08, 2021 1:50:33 AM io.appium.java_client.remote.AppiumCommandExecutor$1 lambda$0
INFO: Detected dialect: W3C
{"logLevel":"debug","message":"Executing '{} saniye  bekle' using 'class StepImplementation.waitForsecond"}
{"logLevel":"debug","message":"Executing '{} tipinde olan {} değerindeki elemana tıkla.' using 'class StepImplementation.webElementiBul"}
